<?xml version="1.0" encoding="UTF-8"?>
<!-- Generated by org.testng.reporters.JUnitXMLReporter -->
<testsuite ignored="0" hostname="Idasundari" failures="0" tests="3" name="Test" time="15.991" errors="0" timestamp="21 Oct 2022 13:27:14 GMT">
  <testcase classname="qatesting.october.SwagLabsTest3" name="testwrongusername" time="0.405"/>
  <testcase classname="qatesting.october.SwagLabsTest3" name="testwrongpassword" time="0.367"/>
  <testcase classname="qatesting.october.SwagLabsTest3" name="testlogin" time="0.456"/>
</testsuite> <!-- Test -->
